nov. 19, 2018 3:46:19 PM org.apache.catalina.startup.VersionLoggerListener log
INFO: Server version:        Apache Tomcat (TomEE)/7.0.81 (1.7.5)
nov. 19, 2018 3:46:19 PM org.apache.catalina.startup.VersionLoggerListener log
INFO: Server built:          Aug 11 2017 10:21:27 UTC
nov. 19, 2018 3:46:19 PM org.apache.catalina.startup.VersionLoggerListener log
INFO: Server number:         7.0.81.0
nov. 19, 2018 3:46:19 PM org.apache.catalina.startup.VersionLoggerListener log
INFO: OS Name:               Windows 10
nov. 19, 2018 3:46:19 PM org.apache.catalina.startup.VersionLoggerListener log
INFO: OS Version:            10.0
nov. 19, 2018 3:46:19 PM org.apache.catalina.startup.VersionLoggerListener log
INFO: Architecture:          amd64
nov. 19, 2018 3:46:19 PM org.apache.catalina.startup.VersionLoggerListener log
INFO: Java Home:             C:\Program Files\Java\jdk1.8.0_181\jre
nov. 19, 2018 3:46:19 PM org.apache.catalina.startup.VersionLoggerListener log
INFO: JVM Version:           1.8.0_181-b13
nov. 19, 2018 3:46:19 PM org.apache.catalina.startup.VersionLoggerListener log
INFO: JVM Vendor:            Oracle Corporation
nov. 19, 2018 3:46:19 PM org.apache.catalina.startup.VersionLoggerListener log
INFO: CATALINA_BASE:         C:\Learning\NODEJS\first-app\address-manager\application\target\apache-tomee
nov. 19, 2018 3:46:19 PM org.apache.catalina.startup.VersionLoggerListener log
INFO: CATALINA_HOME:         C:\Learning\NODEJS\first-app\address-manager\application\target\apache-tomee
nov. 19, 2018 3:46:19 PM org.apache.catalina.startup.VersionLoggerListener log
INFO: Command line argument: -XX:+HeapDumpOnOutOfMemoryError
nov. 19, 2018 3:46:19 PM org.apache.catalina.startup.VersionLoggerListener log
INFO: Command line argument: -Dorg.apache.catalina.STRICT_SERVLET_COMPLIANCE=false
nov. 19, 2018 3:46:19 PM org.apache.catalina.startup.VersionLoggerListener log
INFO: Command line argument: -Dopenejb.session.manager=org.apache.tomee.catalina.session.QuickSessionManager
nov. 19, 2018 3:46:19 PM org.apache.catalina.startup.VersionLoggerListener log
INFO: Command line argument: -Dtomee.remote.support=true
nov. 19, 2018 3:46:19 PM org.apache.catalina.startup.VersionLoggerListener log
INFO: Command line argument: -Dopenejb.system.apps=false
nov. 19, 2018 3:46:19 PM org.apache.catalina.startup.VersionLoggerListener log
INFO: Command line argument: -Djava.util.logging.config.file=C:\Learning\NODEJS\first-app\address-manager\application\target\apache-tomee\conf\logging.properties
nov. 19, 2018 3:46:19 PM org.apache.catalina.startup.VersionLoggerListener log
INFO: Command line argument: -javaagent:C:\Learning\NODEJS\first-app\address-manager\application\target\apache-tomee\lib\openejb-javaagent.jar
nov. 19, 2018 3:46:19 PM org.apache.catalina.startup.VersionLoggerListener log
INFO: Command line argument: -Djava.util.logging.manager=org.apache.juli.ClassLoaderLogManager
nov. 19, 2018 3:46:19 PM org.apache.catalina.startup.VersionLoggerListener log
INFO: Command line argument: -Djava.io.tmpdir=C:\Learning\NODEJS\first-app\address-manager\application\target\apache-tomee\temp
nov. 19, 2018 3:46:19 PM org.apache.catalina.startup.VersionLoggerListener log
INFO: Command line argument: -Djava.endorsed.dirs=C:\Learning\NODEJS\first-app\address-manager\application\target\apache-tomee\endorsed
nov. 19, 2018 3:46:19 PM org.apache.catalina.startup.VersionLoggerListener log
INFO: Command line argument: -Dcatalina.base=C:\Learning\NODEJS\first-app\address-manager\application\target\apache-tomee
nov. 19, 2018 3:46:19 PM org.apache.catalina.startup.VersionLoggerListener log
INFO: Command line argument: -Dcatalina.home=C:\Learning\NODEJS\first-app\address-manager\application\target\apache-tomee
nov. 19, 2018 3:46:19 PM org.apache.catalina.startup.VersionLoggerListener log
INFO: Command line argument: -Dcatalina.ext.dirs=C:\Learning\NODEJS\first-app\address-manager\application\target\apache-tomee\lib
nov. 19, 2018 3:46:19 PM org.apache.catalina.startup.VersionLoggerListener log
INFO: Command line argument: -Dorg.apache.tomcat.util.http.ServerCookie.ALLOW_HTTP_SEPARATORS_IN_V0=true
nov. 19, 2018 3:46:19 PM org.apache.catalina.startup.VersionLoggerListener log
INFO: Command line argument: -ea
nov. 19, 2018 3:46:19 PM org.apache.catalina.core.AprLifecycleListener lifecycleEvent
INFO: The APR based Apache Tomcat Native library which allows optimal performance in production environments was not found on the java.library.path: C:\Program Files\Java\jdk1.8.0_181\jre\bin;C:\WINDOWS\Sun\Java\bin;C:\WINDOWS\system32;C:\WINDOWS;C:\Program Files (x86)\Google\Chrome\Application;C:\Program Files\Docker\Docker\Resources\bin;C:\Program Files (x86)\Common Files\Oracle\Java\javapath;c:\program files\docker\docker\resources\bin;c:\windows\system32;c:\windows;c:\windows\system32\wbem;c:\program files (x86)\intel\icls client\;c:\program files\intel\icls client\;c:\programdata\oracle\java\javapath;c:\windows\system32\windowspowershell\v1.0\;c:\program files (x86)\sap businessobjects\sqlanywhere\bin64;c:\program files (x86)\sap businessobjects\sqlanywhere\bin32;c:\program files (x86)\microsoft sql server\100\tools\binn\vsshell\common7\ide\;c:\program files (x86)\microsoft sql server\100\tools\binn\;c:\program files\microsoft sql server\100\tools\binn\;c:\program files (x86)\microsoft sql server\100\dts\binn\;c:\program files (x86)\quicktime\qtsystem\;c:\program files\putty\;c:\users\i050671\appdata\local\continuum\anaconda3\scripts;c:\users\i050671\appdata\local\continuum\anaconda3\;c:\program files (x86)\intel\intel(r) management engine components\dal;c:\program files\intel\intel(r) management engine components\dal;c:\program files (x86)\intel\intel(r) management engine components\ipt;c:\program files\intel\intel(r) management engine components\ipt;c:\program files\git\cmd;C:\Program Files\Cloud Foundry;C:\Program Files\nodejs\;C:\Program Files\sap\hdbclient;C:\Program Files\Intel\WiFi\bin\;C:\Program Files\Common Files\Intel\WirelessCommon\;C:\Program Files\Maven\apache-maven-3.6.0\bin;C:\Program Files (x86)\Intel\iCLS Client\;C:\Program Files\Intel\iCLS Client\;C:\ProgramData\Oracle\Java\javapath;C:\WINDOWS\system32;C:\WINDOWS;C:\WINDOWS\System32\Wbem;C:\WINDOWS\System32\WindowsPowerShell\v1.0\;C:\Program Files (x86)\SAP BusinessObjects\sqlanywhere\BIN64;C:\Program Files (x86)\SAP BusinessObjects\sqlanywhere\BIN32;c:\Program Files (x86)\Microsoft SQL Server\100\Tools\Binn\VSShell\Common7\IDE\;c:\Program Files (x86)\Microsoft SQL Server\100\Tools\Binn\;c:\Program Files\Microsoft SQL Server\100\Tools\Binn\;c:\Program Files (x86)\Microsoft SQL Server\100\DTS\Binn\;C:\Program Files (x86)\QuickTime\QTSystem\;C:\Program Files\nodejs\;C:\Program Files (x86)\Intel\Intel(R) Management Engine Components\DAL;C:\Program Files\Intel\Intel(R) Management Engine Components\DAL;C:\Program Files (x86)\Intel\Intel(R) Management Engine Components\IPT;C:\Program Files\Intel\Intel(R) Management Engine Components\IPT;C:\Program;C:\Users\I050671\AppData\Local\Continuum\anaconda3\Scripts;C:\Users\I050671\AppData\Local\Continuum\anaconda3\;C:\Users\I050671\AppData\Local\Microsoft\WindowsApps;C:\Users\I050671\AppData\Roaming\npm;C:\Users\I050671\AppData\Local\Programs\Microsoft VS Code\bin;C:\Program Files\Intel\WiFi\bin\;C:\Program Files\Common Files\Intel\WirelessCommon\;C:\Program Files\Maven\apache-maven-3.6.0\bin;;.
nov. 19, 2018 3:46:20 PM org.apache.coyote.AbstractProtocol init
INFO: Initializing ProtocolHandler ["http-bio-8080"]
nov. 19, 2018 3:46:20 PM org.apache.coyote.AbstractProtocol init
INFO: Initializing ProtocolHandler ["ajp-bio-8009"]
nov. 19, 2018 3:46:20 PM org.apache.coyote.AbstractProtocol init
SEVERE: Failed to initialize end point associated with ProtocolHandler ["ajp-bio-8009"]
java.net.BindException: Address already in use: JVM_Bind <null>:8009
	at org.apache.tomcat.util.net.JIoEndpoint.bind(JIoEndpoint.java:413)
	at org.apache.tomcat.util.net.AbstractEndpoint.init(AbstractEndpoint.java:728)
	at org.apache.coyote.AbstractProtocol.init(AbstractProtocol.java:452)
	at org.apache.catalina.connector.Connector.initInternal(Connector.java:978)
	at org.apache.catalina.util.LifecycleBase.init(LifecycleBase.java:102)
	at org.apache.catalina.core.StandardService.initInternal(StandardService.java:560)
	at org.apache.catalina.util.LifecycleBase.init(LifecycleBase.java:102)
	at org.apache.catalina.core.StandardServer.initInternal(StandardServer.java:840)
	at org.apache.catalina.util.LifecycleBase.init(LifecycleBase.java:102)
	at org.apache.catalina.startup.Catalina.load(Catalina.java:643)
	at org.apache.catalina.startup.Catalina.load(Catalina.java:668)
	at sun.reflect.NativeMethodAccessorImpl.invoke0(Native Method)
	at sun.reflect.NativeMethodAccessorImpl.invoke(NativeMethodAccessorImpl.java:62)
	at sun.reflect.DelegatingMethodAccessorImpl.invoke(DelegatingMethodAccessorImpl.java:43)
	at java.lang.reflect.Method.invoke(Method.java:498)
	at org.apache.catalina.startup.Bootstrap.load(Bootstrap.java:253)
	at org.apache.catalina.startup.Bootstrap.main(Bootstrap.java:427)
Caused by: java.net.BindException: Address already in use: JVM_Bind
	at java.net.DualStackPlainSocketImpl.bind0(Native Method)
	at java.net.DualStackPlainSocketImpl.socketBind(DualStackPlainSocketImpl.java:106)
	at java.net.AbstractPlainSocketImpl.bind(AbstractPlainSocketImpl.java:387)
	at java.net.PlainSocketImpl.bind(PlainSocketImpl.java:190)
	at java.net.ServerSocket.bind(ServerSocket.java:375)
	at java.net.ServerSocket.<init>(ServerSocket.java:237)
	at java.net.ServerSocket.<init>(ServerSocket.java:181)
	at org.apache.tomcat.util.net.DefaultServerSocketFactory.createSocket(DefaultServerSocketFactory.java:49)
	at org.apache.tomcat.util.net.JIoEndpoint.bind(JIoEndpoint.java:400)
	... 16 more

nov. 19, 2018 3:46:20 PM org.apache.catalina.core.StandardService initInternal
SEVERE: Failed to initialize connector [Connector[AJP/1.3-8009]]
org.apache.catalina.LifecycleException: Failed to initialize component [Connector[AJP/1.3-8009]]
	at org.apache.catalina.util.LifecycleBase.init(LifecycleBase.java:107)
	at org.apache.catalina.core.StandardService.initInternal(StandardService.java:560)
	at org.apache.catalina.util.LifecycleBase.init(LifecycleBase.java:102)
	at org.apache.catalina.core.StandardServer.initInternal(StandardServer.java:840)
	at org.apache.catalina.util.LifecycleBase.init(LifecycleBase.java:102)
	at org.apache.catalina.startup.Catalina.load(Catalina.java:643)
	at org.apache.catalina.startup.Catalina.load(Catalina.java:668)
	at sun.reflect.NativeMethodAccessorImpl.invoke0(Native Method)
	at sun.reflect.NativeMethodAccessorImpl.invoke(NativeMethodAccessorImpl.java:62)
	at sun.reflect.DelegatingMethodAccessorImpl.invoke(DelegatingMethodAccessorImpl.java:43)
	at java.lang.reflect.Method.invoke(Method.java:498)
	at org.apache.catalina.startup.Bootstrap.load(Bootstrap.java:253)
	at org.apache.catalina.startup.Bootstrap.main(Bootstrap.java:427)
Caused by: org.apache.catalina.LifecycleException: Protocol handler initialization failed
	at org.apache.catalina.connector.Connector.initInternal(Connector.java:980)
	at org.apache.catalina.util.LifecycleBase.init(LifecycleBase.java:102)
	... 12 more
Caused by: java.net.BindException: Address already in use: JVM_Bind <null>:8009
	at org.apache.tomcat.util.net.JIoEndpoint.bind(JIoEndpoint.java:413)
	at org.apache.tomcat.util.net.AbstractEndpoint.init(AbstractEndpoint.java:728)
	at org.apache.coyote.AbstractProtocol.init(AbstractProtocol.java:452)
	at org.apache.catalina.connector.Connector.initInternal(Connector.java:978)
	... 13 more
Caused by: java.net.BindException: Address already in use: JVM_Bind
	at java.net.DualStackPlainSocketImpl.bind0(Native Method)
	at java.net.DualStackPlainSocketImpl.socketBind(DualStackPlainSocketImpl.java:106)
	at java.net.AbstractPlainSocketImpl.bind(AbstractPlainSocketImpl.java:387)
	at java.net.PlainSocketImpl.bind(PlainSocketImpl.java:190)
	at java.net.ServerSocket.bind(ServerSocket.java:375)
	at java.net.ServerSocket.<init>(ServerSocket.java:237)
	at java.net.ServerSocket.<init>(ServerSocket.java:181)
	at org.apache.tomcat.util.net.DefaultServerSocketFactory.createSocket(DefaultServerSocketFactory.java:49)
	at org.apache.tomcat.util.net.JIoEndpoint.bind(JIoEndpoint.java:400)
	... 16 more

nov. 19, 2018 3:46:21 PM org.apache.openejb.util.OptionsLog info
INFO: Using 'tomee.remote.support=true'
nov. 19, 2018 3:46:21 PM org.apache.openejb.util.OptionsLog info
INFO: Using 'openejb.jdbc.datasource-creator=org.apache.tomee.jdbc.TomEEDataSourceCreator'
nov. 19, 2018 3:46:21 PM org.apache.openejb.OpenEJB$Instance <init>
INFO: ********************************************************************************
nov. 19, 2018 3:46:21 PM org.apache.openejb.OpenEJB$Instance <init>
INFO: OpenEJB http://tomee.apache.org/
nov. 19, 2018 3:46:21 PM org.apache.openejb.OpenEJB$Instance <init>
INFO: Startup: Mon Nov 19 15:46:21 CET 2018
nov. 19, 2018 3:46:21 PM org.apache.openejb.OpenEJB$Instance <init>
INFO: Copyright 1999-2015 (C) Apache OpenEJB/TomEE Project, All Rights Reserved.
nov. 19, 2018 3:46:21 PM org.apache.openejb.OpenEJB$Instance <init>
INFO: Version: 4.7.5
nov. 19, 2018 3:46:21 PM org.apache.openejb.OpenEJB$Instance <init>
INFO: Build date: 20170927
nov. 19, 2018 3:46:21 PM org.apache.openejb.OpenEJB$Instance <init>
INFO: Build time: 12:02
nov. 19, 2018 3:46:21 PM org.apache.openejb.OpenEJB$Instance <init>
INFO: ********************************************************************************
nov. 19, 2018 3:46:21 PM org.apache.openejb.OpenEJB$Instance <init>
INFO: openejb.home = C:\Learning\NODEJS\first-app\address-manager\application\target\apache-tomee
nov. 19, 2018 3:46:21 PM org.apache.openejb.OpenEJB$Instance <init>
INFO: openejb.base = C:\Learning\NODEJS\first-app\address-manager\application\target\apache-tomee
nov. 19, 2018 3:46:21 PM org.apache.openejb.cdi.CdiBuilder initializeOWB
INFO: Created new singletonService org.apache.openejb.cdi.ThreadSingletonServiceImpl@17776a8
nov. 19, 2018 3:46:21 PM org.apache.openejb.cdi.CdiBuilder initializeOWB
INFO: Succeeded in installing singleton service
nov. 19, 2018 3:46:21 PM org.apache.openejb.config.ConfigurationFactory init
INFO: openejb configuration file is 'C:\Learning\NODEJS\first-app\address-manager\application\target\apache-tomee\conf\tomee.xml'
nov. 19, 2018 3:46:21 PM org.apache.openejb.config.ConfigurationFactory configureService
INFO: Configuring Service(id=Tomcat Security Service, type=SecurityService, provider-id=Tomcat Security Service)
nov. 19, 2018 3:46:21 PM org.apache.openejb.config.ConfigurationFactory configureService
INFO: Configuring Service(id=Default Transaction Manager, type=TransactionManager, provider-id=Default Transaction Manager)
nov. 19, 2018 3:46:22 PM org.apache.openejb.util.OptionsLog info
INFO: Using 'openejb.system.apps=false'
nov. 19, 2018 3:46:22 PM org.apache.openejb.util.OptionsLog info
INFO: Using 'openejb.deployments.classpath=false'
nov. 19, 2018 3:46:22 PM org.apache.openejb.assembler.classic.Assembler createRecipe
INFO: Creating TransactionManager(id=Default Transaction Manager)
nov. 19, 2018 3:46:22 PM org.apache.openejb.assembler.classic.Assembler createRecipe
INFO: Creating SecurityService(id=Tomcat Security Service)
nov. 19, 2018 3:46:22 PM org.apache.openejb.server.ServiceManager initServer
INFO: Creating ServerService(id=cxf-rs)
nov. 19, 2018 3:46:22 PM org.apache.openejb.server.SimpleServiceManager start
INFO:   ** Bound Services **
nov. 19, 2018 3:46:22 PM org.apache.openejb.server.SimpleServiceManager printRow
INFO:   NAME                 IP              PORT  
nov. 19, 2018 3:46:22 PM org.apache.openejb.server.SimpleServiceManager start
INFO: -------
nov. 19, 2018 3:46:22 PM org.apache.openejb.server.SimpleServiceManager start
INFO: Ready!
nov. 19, 2018 3:46:22 PM org.apache.catalina.startup.Catalina load
INFO: Initialization processed in 4200 ms
nov. 19, 2018 3:46:22 PM org.apache.tomee.catalina.OpenEJBNamingContextListener bindResource
INFO: Importing a Tomcat Resource with id 'UserDatabase' of type 'org.apache.catalina.UserDatabase'.
nov. 19, 2018 3:46:22 PM org.apache.openejb.assembler.classic.Assembler createRecipe
INFO: Creating Resource(id=UserDatabase)
nov. 19, 2018 3:46:22 PM org.apache.catalina.core.StandardService startInternal
INFO: Starting service Catalina
nov. 19, 2018 3:46:22 PM org.apache.catalina.core.StandardEngine startInternal
INFO: Starting Servlet Engine: Apache Tomcat (TomEE)/7.0.81 (1.7.5)
nov. 19, 2018 3:46:22 PM org.apache.catalina.startup.HostConfig deployWAR
INFO: Deploying web application archive C:\Learning\NODEJS\first-app\address-manager\application\target\apache-tomee\webapps\ROOT.war
nov. 19, 2018 3:46:22 PM org.apache.tomee.catalina.TomcatWebAppBuilder init
INFO: ------------------------- localhost -> /
nov. 19, 2018 3:46:22 PM org.apache.openejb.util.JarExtractor extract
INFO: Extracting jar: C:\Learning\NODEJS\first-app\address-manager\application\target\apache-tomee\webapps\ROOT.war
nov. 19, 2018 3:46:24 PM org.apache.openejb.util.JarExtractor extract
INFO: Extracted path: C:\Learning\NODEJS\first-app\address-manager\application\target\apache-tomee\webapps\ROOT
nov. 19, 2018 3:46:24 PM org.apache.openejb.util.OptionsLog info
INFO: Using 'openejb.session.manager=org.apache.tomee.catalina.session.QuickSessionManager'
nov. 19, 2018 3:46:32 PM org.apache.openejb.config.ConfigurationFactory configureApplication
INFO: Configuring enterprise application: C:\Learning\NODEJS\first-app\address-manager\application\target\apache-tomee\webapps\ROOT
nov. 19, 2018 3:46:33 PM org.apache.openejb.config.ConfigurationFactory configureService
INFO: Configuring Service(id=Default Managed Container, type=Container, provider-id=Default Managed Container)
nov. 19, 2018 3:46:33 PM org.apache.openejb.config.AutoConfig createContainer
INFO: Auto-creating a container for bean .Comp918092563: Container(type=MANAGED, id=Default Managed Container)
nov. 19, 2018 3:46:33 PM org.apache.openejb.assembler.classic.Assembler createRecipe
INFO: Creating Container(id=Default Managed Container)
nov. 19, 2018 3:46:33 PM org.apache.openejb.core.managed.SimplePassivater init
INFO: Using directory C:\Learning\NODEJS\first-app\address-manager\application\target\apache-tomee\temp for stateful session passivation
nov. 19, 2018 3:46:33 PM org.apache.openejb.config.AppInfoBuilder build
INFO: Enterprise application "C:\Learning\NODEJS\first-app\address-manager\application\target\apache-tomee\webapps\ROOT" loaded.
nov. 19, 2018 3:46:34 PM org.apache.openejb.assembler.classic.Assembler createApplication
INFO: Assembling app: C:\Learning\NODEJS\first-app\address-manager\application\target\apache-tomee\webapps\ROOT
nov. 19, 2018 3:46:34 PM org.apache.openejb.cdi.CdiBuilder initSingleton
INFO: Existing thread singleton service in SystemInstance(): org.apache.openejb.cdi.ThreadSingletonServiceImpl@17776a8
nov. 19, 2018 3:46:34 PM org.apache.openejb.cdi.OpenEJBLifecycle startApplication
INFO: OpenWebBeans Container is starting...
nov. 19, 2018 3:46:34 PM org.apache.webbeans.plugins.PluginLoader startUp
INFO: Adding OpenWebBeansPlugin : [CdiPlugin]
nov. 19, 2018 3:46:34 PM org.apache.webbeans.plugins.PluginLoader startUp
INFO: Adding OpenWebBeansPlugin : [OpenWebBeansJsfPlugin]
nov. 19, 2018 3:46:43 PM org.apache.webbeans.config.BeansDeployer deploySingleAnnotatedType
INFO: Skipping deployment of Class class com.sap.cloud.sdk.cloudplatform.auditlog.ScpCfAuditLogdue to a NoClassDefFoundError: com/sap/xs/audit/api/exception/AuditLogException
nov. 19, 2018 3:46:47 PM org.apache.webbeans.config.BeansDeployer validateInjectionPoints
INFO: All injection points were validated successfully.
nov. 19, 2018 3:46:47 PM org.apache.openejb.cdi.OpenEJBLifecycle startApplication
INFO: OpenWebBeans Container has started, it took 13181 ms.
nov. 19, 2018 3:46:48 PM org.apache.openejb.assembler.classic.Assembler createApplication
INFO: Deployed Application(path=C:\Learning\NODEJS\first-app\address-manager\application\target\apache-tomee\webapps\ROOT)
nov. 19, 2018 3:46:50 PM org.apache.catalina.startup.HostConfig deployWAR
INFO: Deployment of web application archive C:\Learning\NODEJS\first-app\address-manager\application\target\apache-tomee\webapps\ROOT.war has finished in 27,422 ms
nov. 19, 2018 3:46:50 PM org.apache.coyote.AbstractProtocol start
INFO: Starting ProtocolHandler ["http-bio-8080"]
nov. 19, 2018 3:46:50 PM org.apache.catalina.startup.Catalina start
INFO: Server startup in 27811 ms
